c:\dev\git\forks\wdsp\debug\vc143.pdb
c:\dev\git\forks\wdsp\debug\vc143.idb
c:\dev\git\forks\wdsp\debug\eq.obj
c:\dev\git\forks\wdsp\debug\emph.obj
c:\dev\git\forks\wdsp\debug\emnr.obj
c:\dev\git\forks\wdsp\debug\eer.obj
c:\dev\git\forks\wdsp\debug\div.obj
c:\dev\git\forks\wdsp\debug\delay.obj
c:\dev\git\forks\wdsp\debug\compress.obj
c:\dev\git\forks\wdsp\debug\comm.obj
c:\dev\git\forks\wdsp\debug\cfir.obj
c:\dev\git\forks\wdsp\debug\cfcomp.obj
c:\dev\git\forks\wdsp\debug\cblock.obj
c:\dev\git\forks\wdsp\debug\calculus.obj
c:\dev\git\forks\wdsp\debug\calcc.obj
c:\dev\git\forks\wdsp\debug\bandpass.obj
c:\dev\git\forks\wdsp\debug\anr.obj
c:\dev\git\forks\wdsp\debug\anf.obj
c:\dev\git\forks\wdsp\debug\analyzer.obj
c:\dev\git\forks\wdsp\debug\amsq.obj
c:\dev\git\forks\wdsp\debug\ammod.obj
c:\dev\git\forks\wdsp\debug\amd.obj
c:\dev\git\forks\wdsp\debug\osctrl.obj
c:\dev\git\forks\wdsp\debug\nobii.obj
c:\dev\git\forks\wdsp\debug\nob.obj
c:\dev\git\forks\wdsp\debug\nbp.obj
c:\dev\git\forks\wdsp\debug\meter.obj
c:\dev\git\forks\wdsp\debug\main.obj
c:\dev\git\forks\wdsp\debug\iobuffs.obj
c:\dev\git\forks\wdsp\debug\fmmod.obj
c:\dev\git\forks\wdsp\debug\fir.obj
c:\dev\git\forks\wdsp\debug\meterlog10.obj
c:\dev\git\forks\wdsp\debug\lmath.obj
c:\dev\git\forks\wdsp\debug\linux_port.obj
c:\dev\git\forks\wdsp\debug\iqc.obj
c:\dev\git\forks\wdsp\debug\iir.obj
c:\dev\git\forks\wdsp\debug\gen.obj
c:\dev\git\forks\wdsp\debug\gain.obj
c:\dev\git\forks\wdsp\debug\fmd.obj
c:\dev\git\forks\wdsp\debug\firmin.obj
c:\dev\git\forks\wdsp\debug\fcurve.obj
c:\dev\git\forks\wdsp\debug\channel.obj
c:\dev\git\forks\wdsp\debug\wisdom.obj
c:\dev\git\forks\wdsp\debug\wcpagc.obj
c:\dev\git\forks\wdsp\debug\utilities.obj
c:\dev\git\forks\wdsp\debug\txa.obj
c:\dev\git\forks\wdsp\debug\snb.obj
c:\dev\git\forks\wdsp\debug\slew.obj
c:\dev\git\forks\wdsp\debug\fmsq.obj
c:\dev\git\forks\wdsp\debug\siphon.obj
c:\dev\git\forks\wdsp\debug\shift.obj
c:\dev\git\forks\wdsp\debug\sender.obj
c:\dev\git\forks\wdsp\debug\rxa.obj
c:\dev\git\forks\wdsp\debug\resample.obj
c:\dev\git\forks\wdsp\debug\patchpanel.obj
c:\dev\git\forks\wdsp\debug\wdsp.exp
c:\dev\git\forks\wdsp\debug\wdsp.pdb
c:\dev\git\forks\wdsp\debug\wdsp.tlog\cl.command.1.tlog
c:\dev\git\forks\wdsp\debug\wdsp.tlog\cl.read.1.tlog
c:\dev\git\forks\wdsp\debug\wdsp.tlog\cl.write.1.tlog
c:\dev\git\forks\wdsp\debug\wdsp.tlog\link-cvtres.read.1.tlog
c:\dev\git\forks\wdsp\debug\wdsp.tlog\link-cvtres.write.1.tlog
c:\dev\git\forks\wdsp\debug\wdsp.tlog\link-rc.read.1.tlog
c:\dev\git\forks\wdsp\debug\wdsp.tlog\link-rc.write.1.tlog
c:\dev\git\forks\wdsp\debug\wdsp.tlog\link.command.1.tlog
c:\dev\git\forks\wdsp\debug\wdsp.tlog\link.read.1.tlog
c:\dev\git\forks\wdsp\debug\wdsp.tlog\link.write.1.tlog
