  amd.c
  ammod.c
  amsq.c
  analyzer.c
  anf.c
  anr.c
  bandpass.c
  calcc.c
  calculus.c
  cblock.c
  cfcomp.c
  cfir.c
  comm.c
  compress.c
  delay.c
  div.c
  eer.c
  emnr.c
  emph.c
  eq.c
  Generating Code...
  Compiling...
  channel.c
  fcurve.c
  firmin.c
  fmd.c
  gain.c
  gen.c
  iir.c
  iqc.c
  linux_port.c
  lmath.c
  meterlog10.c
  fir.c
  fmmod.c
  iobuffs.c
  main.c
  meter.c
  nbp.c
  nob.c
  nobII.c
  osctrl.c
  Generating Code...
  Compiling...
  patchpanel.c
  resample.c
  RXA.c
  sender.c
  shift.c
  siphon.c
  fmsq.c
  slew.c
  snb.c
  TXA.c
  utilities.c
  wcpAGC.c
  wisdom.c
  Generating Code...
C:\Program Files\Microsoft Visual Studio\2022\Community\MSBuild\Microsoft\VC\v170\Microsoft.CppBuild.targets(1361,5): warning MSB8012: TargetPath(C:\dev\git\forks\wdsp\Debug\wdsp.dll) does not match the Linker's OutputFile property value (C:\dev\git\forks\wdsp\bin\Debug\wdsp.dll). This may cause your project to build incorrectly. To correct this, please make sure that $(OutDir), $(TargetName) and $(TargetExt) property values match the value specified in %(Link.OutputFile).
     Creating library C:\dev\git\forks\wdsp\Debug\wdsp.lib and object C:\dev\git\forks\wdsp\Debug\wdsp.exp
main.obj : error LNK2019: unresolved external symbol __imp__AvSetMmThreadCharacteristicsW@8 referenced in function _main
main.obj : error LNK2019: unresolved external symbol __imp__AvSetMmThreadPriority@8 referenced in function _main
.\bin\Debug\wdsp.dll : fatal error LNK1120: 2 unresolved externals
