c:\dev\git\forks\wdsp\release\amd.obj
c:\dev\git\forks\wdsp\release\ammod.obj
c:\dev\git\forks\wdsp\release\amsq.obj
c:\dev\git\forks\wdsp\release\analyzer.obj
c:\dev\git\forks\wdsp\release\anf.obj
c:\dev\git\forks\wdsp\release\anr.obj
c:\dev\git\forks\wdsp\release\bandpass.obj
c:\dev\git\forks\wdsp\release\calcc.obj
c:\dev\git\forks\wdsp\release\calculus.obj
c:\dev\git\forks\wdsp\release\cblock.obj
c:\dev\git\forks\wdsp\release\cfcomp.obj
c:\dev\git\forks\wdsp\release\cfir.obj
c:\dev\git\forks\wdsp\release\channel.obj
c:\dev\git\forks\wdsp\release\comm.obj
c:\dev\git\forks\wdsp\release\compress.obj
c:\dev\git\forks\wdsp\release\delay.obj
c:\dev\git\forks\wdsp\release\div.obj
c:\dev\git\forks\wdsp\release\eer.obj
c:\dev\git\forks\wdsp\release\emnr.obj
c:\dev\git\forks\wdsp\release\emph.obj
c:\dev\git\forks\wdsp\release\eq.obj
c:\dev\git\forks\wdsp\release\fcurve.obj
c:\dev\git\forks\wdsp\release\fir.obj
c:\dev\git\forks\wdsp\release\firmin.obj
c:\dev\git\forks\wdsp\release\fmd.obj
c:\dev\git\forks\wdsp\release\fmmod.obj
c:\dev\git\forks\wdsp\release\fmsq.obj
c:\dev\git\forks\wdsp\release\gain.obj
c:\dev\git\forks\wdsp\release\gen.obj
c:\dev\git\forks\wdsp\release\iir.obj
c:\dev\git\forks\wdsp\release\iobuffs.obj
c:\dev\git\forks\wdsp\release\iqc.obj
c:\dev\git\forks\wdsp\release\linux_port.obj
c:\dev\git\forks\wdsp\release\lmath.obj
c:\dev\git\forks\wdsp\release\main.obj
c:\dev\git\forks\wdsp\release\meter.obj
c:\dev\git\forks\wdsp\release\meterlog10.obj
c:\dev\git\forks\wdsp\release\nbp.obj
c:\dev\git\forks\wdsp\release\nob.obj
c:\dev\git\forks\wdsp\release\nobii.obj
c:\dev\git\forks\wdsp\release\osctrl.obj
c:\dev\git\forks\wdsp\release\patchpanel.obj
c:\dev\git\forks\wdsp\release\resample.obj
c:\dev\git\forks\wdsp\release\rxa.obj
c:\dev\git\forks\wdsp\release\sender.obj
c:\dev\git\forks\wdsp\release\shift.obj
c:\dev\git\forks\wdsp\release\siphon.obj
c:\dev\git\forks\wdsp\release\slew.obj
c:\dev\git\forks\wdsp\release\snb.obj
c:\dev\git\forks\wdsp\release\txa.obj
c:\dev\git\forks\wdsp\release\utilities.obj
c:\dev\git\forks\wdsp\release\wcpagc.obj
c:\dev\git\forks\wdsp\release\wisdom.obj
c:\dev\git\forks\wdsp\release\vc143.pdb
c:\dev\git\forks\wdsp\release\wdsp.tlog\cl.command.1.tlog
